ERROR - 2023-05-23 05:48:16 --> Error connecting to the database: mysqli_sql_exception: Connection refused in /Applications/XAMPP/xamppfiles/htdocs/Tugas Lengkap CodeIgneter 4 4ITE1 Afifatus Salma/system/Database/MySQLi/Connection.php:174
Stack trace:
#0 /Applications/XAMPP/xamppfiles/htdocs/Tugas Lengkap CodeIgneter 4 4ITE1 Afifatus Salma/system/Database/MySQLi/Connection.php(174): mysqli->real_connect('127.0.0.1', 'root', '', 'belajarci', 3306, '', 0)
#1 /Applications/XAMPP/xamppfiles/htdocs/Tugas Lengkap CodeIgneter 4 4ITE1 Afifatus Salma/system/Database/BaseConnection.php(391): CodeIgniter\Database\MySQLi\Connection->connect(false)
#2 /Applications/XAMPP/xamppfiles/htdocs/Tugas Lengkap CodeIgneter 4 4ITE1 Afifatus Salma/system/Database/BaseConnection.php(574): CodeIgniter\Database\BaseConnection->initialize()
#3 /Applications/XAMPP/xamppfiles/htdocs/Tugas Lengkap CodeIgneter 4 4ITE1 Afifatus Salma/system/Database/BaseBuilder.php(1616): CodeIgniter\Database\BaseConnection->query('SELECT *\nFROM `...', Array, false)
#4 /Applications/XAMPP/xamppfiles/htdocs/Tugas Lengkap CodeIgneter 4 4ITE1 Afifatus Salma/system/Model.php(268): CodeIgniter\Database\BaseBuilder->get()
#5 /Applications/XAMPP/xamppfiles/htdocs/Tugas Lengkap CodeIgneter 4 4ITE1 Afifatus Salma/system/BaseModel.php(656): CodeIgniter\Model->doFirst()
#6 /Applications/XAMPP/xamppfiles/htdocs/Tugas Lengkap CodeIgneter 4 4ITE1 Afifatus Salma/app/Controllers/Login.php(77): CodeIgniter\BaseModel->first()
#7 /Applications/XAMPP/xamppfiles/htdocs/Tugas Lengkap CodeIgneter 4 4ITE1 Afifatus Salma/system/CodeIgniter.php(934): App\Controllers\Login->create()
#8 /Applications/XAMPP/xamppfiles/htdocs/Tugas Lengkap CodeIgneter 4 4ITE1 Afifatus Salma/system/CodeIgniter.php(499): CodeIgniter\CodeIgniter->runController(Object(App\Controllers\Login))
#9 /Applications/XAMPP/xamppfiles/htdocs/Tugas Lengkap CodeIgneter 4 4ITE1 Afifatus Salma/system/CodeIgniter.php(368): CodeIgniter\CodeIgniter->handleRequest(NULL, Object(Config\Cache), false)
#10 /Applications/XAMPP/xamppfiles/htdocs/Tugas Lengkap CodeIgneter 4 4ITE1 Afifatus Salma/public/index.php(67): CodeIgniter\CodeIgniter->run()
#11 /Applications/XAMPP/xamppfiles/htdocs/Tugas Lengkap CodeIgneter 4 4ITE1 Afifatus Salma/system/Commands/Server/rewrite.php(47): require_once('/Applications/X...')
#12 {main}

Next CodeIgniter\Database\Exceptions\DatabaseException: Connection refused in /Applications/XAMPP/xamppfiles/htdocs/Tugas Lengkap CodeIgneter 4 4ITE1 Afifatus Salma/system/Database/MySQLi/Connection.php:218
Stack trace:
#0 /Applications/XAMPP/xamppfiles/htdocs/Tugas Lengkap CodeIgneter 4 4ITE1 Afifatus Salma/system/Database/BaseConnection.php(391): CodeIgniter\Database\MySQLi\Connection->connect(false)
#1 /Applications/XAMPP/xamppfiles/htdocs/Tugas Lengkap CodeIgneter 4 4ITE1 Afifatus Salma/system/Database/BaseConnection.php(574): CodeIgniter\Database\BaseConnection->initialize()
#2 /Applications/XAMPP/xamppfiles/htdocs/Tugas Lengkap CodeIgneter 4 4ITE1 Afifatus Salma/system/Database/BaseBuilder.php(1616): CodeIgniter\Database\BaseConnection->query('SELECT *\nFROM `...', Array, false)
#3 /Applications/XAMPP/xamppfiles/htdocs/Tugas Lengkap CodeIgneter 4 4ITE1 Afifatus Salma/system/Model.php(268): CodeIgniter\Database\BaseBuilder->get()
#4 /Applications/XAMPP/xamppfiles/htdocs/Tugas Lengkap CodeIgneter 4 4ITE1 Afifatus Salma/system/BaseModel.php(656): CodeIgniter\Model->doFirst()
#5 /Applications/XAMPP/xamppfiles/htdocs/Tugas Lengkap CodeIgneter 4 4ITE1 Afifatus Salma/app/Controllers/Login.php(77): CodeIgniter\BaseModel->first()
#6 /Applications/XAMPP/xamppfiles/htdocs/Tugas Lengkap CodeIgneter 4 4ITE1 Afifatus Salma/system/CodeIgniter.php(934): App\Controllers\Login->create()
#7 /Applications/XAMPP/xamppfiles/htdocs/Tugas Lengkap CodeIgneter 4 4ITE1 Afifatus Salma/system/CodeIgniter.php(499): CodeIgniter\CodeIgniter->runController(Object(App\Controllers\Login))
#8 /Applications/XAMPP/xamppfiles/htdocs/Tugas Lengkap CodeIgneter 4 4ITE1 Afifatus Salma/system/CodeIgniter.php(368): CodeIgniter\CodeIgniter->handleRequest(NULL, Object(Config\Cache), false)
#9 /Applications/XAMPP/xamppfiles/htdocs/Tugas Lengkap CodeIgneter 4 4ITE1 Afifatus Salma/public/index.php(67): CodeIgniter\CodeIgniter->run()
#10 /Applications/XAMPP/xamppfiles/htdocs/Tugas Lengkap CodeIgneter 4 4ITE1 Afifatus Salma/system/Commands/Server/rewrite.php(47): require_once('/Applications/X...')
#11 {main}
CRITICAL - 2023-05-23 05:48:16 --> Unable to connect to the database.
Main connection [MySQLi]: Connection refused
in SYSTEMPATH/Database/BaseConnection.php on line 427.
 1 SYSTEMPATH/Database/BaseConnection.php(574): CodeIgniter\Database\BaseConnection->initialize()
 2 SYSTEMPATH/Database/BaseBuilder.php(1616): CodeIgniter\Database\BaseConnection->query('SELECT *
FROM `users`
WHERE `email` = :email:
 LIMIT 1', [...], false)
 3 SYSTEMPATH/Model.php(268): CodeIgniter\Database\BaseBuilder->get()
 4 SYSTEMPATH/BaseModel.php(656): CodeIgniter\Model->doFirst()
 5 APPPATH/Controllers/Login.php(77): CodeIgniter\BaseModel->first()
 6 SYSTEMPATH/CodeIgniter.php(934): App\Controllers\Login->create()
 7 SYSTEMPATH/CodeIgniter.php(499): CodeIgniter\CodeIgniter->runController(Object(App\Controllers\Login))
 8 SYSTEMPATH/CodeIgniter.php(368): CodeIgniter\CodeIgniter->handleRequest(null, Object(Config\Cache), false)
 9 FCPATH/index.php(67): CodeIgniter\CodeIgniter->run()
10 SYSTEMPATH/Commands/Server/rewrite.php(47): require_once('/Applications/XAMPP/xamppfiles/htdocs/Tugas Lengkap CodeIgneter 4 4ITE1 Afifatus Salma/public/index.php')
ERROR - 2023-05-23 05:48:26 --> Error connecting to the database: mysqli_sql_exception: Connection refused in /Applications/XAMPP/xamppfiles/htdocs/Tugas Lengkap CodeIgneter 4 4ITE1 Afifatus Salma/system/Database/MySQLi/Connection.php:174
Stack trace:
#0 /Applications/XAMPP/xamppfiles/htdocs/Tugas Lengkap CodeIgneter 4 4ITE1 Afifatus Salma/system/Database/MySQLi/Connection.php(174): mysqli->real_connect('127.0.0.1', 'root', '', 'belajarci', 3306, '', 0)
#1 /Applications/XAMPP/xamppfiles/htdocs/Tugas Lengkap CodeIgneter 4 4ITE1 Afifatus Salma/system/Database/BaseConnection.php(391): CodeIgniter\Database\MySQLi\Connection->connect(false)
#2 /Applications/XAMPP/xamppfiles/htdocs/Tugas Lengkap CodeIgneter 4 4ITE1 Afifatus Salma/system/Database/BaseConnection.php(574): CodeIgniter\Database\BaseConnection->initialize()
#3 /Applications/XAMPP/xamppfiles/htdocs/Tugas Lengkap CodeIgneter 4 4ITE1 Afifatus Salma/system/Database/BaseBuilder.php(1616): CodeIgniter\Database\BaseConnection->query('SELECT *\nFROM `...', Array, false)
#4 /Applications/XAMPP/xamppfiles/htdocs/Tugas Lengkap CodeIgneter 4 4ITE1 Afifatus Salma/system/Model.php(268): CodeIgniter\Database\BaseBuilder->get()
#5 /Applications/XAMPP/xamppfiles/htdocs/Tugas Lengkap CodeIgneter 4 4ITE1 Afifatus Salma/system/BaseModel.php(656): CodeIgniter\Model->doFirst()
#6 /Applications/XAMPP/xamppfiles/htdocs/Tugas Lengkap CodeIgneter 4 4ITE1 Afifatus Salma/app/Controllers/Login.php(77): CodeIgniter\BaseModel->first()
#7 /Applications/XAMPP/xamppfiles/htdocs/Tugas Lengkap CodeIgneter 4 4ITE1 Afifatus Salma/system/CodeIgniter.php(934): App\Controllers\Login->create()
#8 /Applications/XAMPP/xamppfiles/htdocs/Tugas Lengkap CodeIgneter 4 4ITE1 Afifatus Salma/system/CodeIgniter.php(499): CodeIgniter\CodeIgniter->runController(Object(App\Controllers\Login))
#9 /Applications/XAMPP/xamppfiles/htdocs/Tugas Lengkap CodeIgneter 4 4ITE1 Afifatus Salma/system/CodeIgniter.php(368): CodeIgniter\CodeIgniter->handleRequest(NULL, Object(Config\Cache), false)
#10 /Applications/XAMPP/xamppfiles/htdocs/Tugas Lengkap CodeIgneter 4 4ITE1 Afifatus Salma/public/index.php(67): CodeIgniter\CodeIgniter->run()
#11 /Applications/XAMPP/xamppfiles/htdocs/Tugas Lengkap CodeIgneter 4 4ITE1 Afifatus Salma/system/Commands/Server/rewrite.php(47): require_once('/Applications/X...')
#12 {main}

Next CodeIgniter\Database\Exceptions\DatabaseException: Connection refused in /Applications/XAMPP/xamppfiles/htdocs/Tugas Lengkap CodeIgneter 4 4ITE1 Afifatus Salma/system/Database/MySQLi/Connection.php:218
Stack trace:
#0 /Applications/XAMPP/xamppfiles/htdocs/Tugas Lengkap CodeIgneter 4 4ITE1 Afifatus Salma/system/Database/BaseConnection.php(391): CodeIgniter\Database\MySQLi\Connection->connect(false)
#1 /Applications/XAMPP/xamppfiles/htdocs/Tugas Lengkap CodeIgneter 4 4ITE1 Afifatus Salma/system/Database/BaseConnection.php(574): CodeIgniter\Database\BaseConnection->initialize()
#2 /Applications/XAMPP/xamppfiles/htdocs/Tugas Lengkap CodeIgneter 4 4ITE1 Afifatus Salma/system/Database/BaseBuilder.php(1616): CodeIgniter\Database\BaseConnection->query('SELECT *\nFROM `...', Array, false)
#3 /Applications/XAMPP/xamppfiles/htdocs/Tugas Lengkap CodeIgneter 4 4ITE1 Afifatus Salma/system/Model.php(268): CodeIgniter\Database\BaseBuilder->get()
#4 /Applications/XAMPP/xamppfiles/htdocs/Tugas Lengkap CodeIgneter 4 4ITE1 Afifatus Salma/system/BaseModel.php(656): CodeIgniter\Model->doFirst()
#5 /Applications/XAMPP/xamppfiles/htdocs/Tugas Lengkap CodeIgneter 4 4ITE1 Afifatus Salma/app/Controllers/Login.php(77): CodeIgniter\BaseModel->first()
#6 /Applications/XAMPP/xamppfiles/htdocs/Tugas Lengkap CodeIgneter 4 4ITE1 Afifatus Salma/system/CodeIgniter.php(934): App\Controllers\Login->create()
#7 /Applications/XAMPP/xamppfiles/htdocs/Tugas Lengkap CodeIgneter 4 4ITE1 Afifatus Salma/system/CodeIgniter.php(499): CodeIgniter\CodeIgniter->runController(Object(App\Controllers\Login))
#8 /Applications/XAMPP/xamppfiles/htdocs/Tugas Lengkap CodeIgneter 4 4ITE1 Afifatus Salma/system/CodeIgniter.php(368): CodeIgniter\CodeIgniter->handleRequest(NULL, Object(Config\Cache), false)
#9 /Applications/XAMPP/xamppfiles/htdocs/Tugas Lengkap CodeIgneter 4 4ITE1 Afifatus Salma/public/index.php(67): CodeIgniter\CodeIgniter->run()
#10 /Applications/XAMPP/xamppfiles/htdocs/Tugas Lengkap CodeIgneter 4 4ITE1 Afifatus Salma/system/Commands/Server/rewrite.php(47): require_once('/Applications/X...')
#11 {main}
CRITICAL - 2023-05-23 05:48:26 --> Unable to connect to the database.
Main connection [MySQLi]: Connection refused
in SYSTEMPATH/Database/BaseConnection.php on line 427.
 1 SYSTEMPATH/Database/BaseConnection.php(574): CodeIgniter\Database\BaseConnection->initialize()
 2 SYSTEMPATH/Database/BaseBuilder.php(1616): CodeIgniter\Database\BaseConnection->query('SELECT *
FROM `users`
WHERE `email` = :email:
 LIMIT 1', [...], false)
 3 SYSTEMPATH/Model.php(268): CodeIgniter\Database\BaseBuilder->get()
 4 SYSTEMPATH/BaseModel.php(656): CodeIgniter\Model->doFirst()
 5 APPPATH/Controllers/Login.php(77): CodeIgniter\BaseModel->first()
 6 SYSTEMPATH/CodeIgniter.php(934): App\Controllers\Login->create()
 7 SYSTEMPATH/CodeIgniter.php(499): CodeIgniter\CodeIgniter->runController(Object(App\Controllers\Login))
 8 SYSTEMPATH/CodeIgniter.php(368): CodeIgniter\CodeIgniter->handleRequest(null, Object(Config\Cache), false)
 9 FCPATH/index.php(67): CodeIgniter\CodeIgniter->run()
10 SYSTEMPATH/Commands/Server/rewrite.php(47): require_once('/Applications/XAMPP/xamppfiles/htdocs/Tugas Lengkap CodeIgneter 4 4ITE1 Afifatus Salma/public/index.php')
ERROR - 2023-05-23 05:50:37 --> Error connecting to the database: mysqli_sql_exception: Connection refused in /Applications/XAMPP/xamppfiles/htdocs/belajarci/system/Database/MySQLi/Connection.php:174
Stack trace:
#0 /Applications/XAMPP/xamppfiles/htdocs/belajarci/system/Database/MySQLi/Connection.php(174): mysqli->real_connect('127.0.0.1', 'root', '', 'belajarci', 3306, '', 0)
#1 /Applications/XAMPP/xamppfiles/htdocs/belajarci/system/Database/BaseConnection.php(391): CodeIgniter\Database\MySQLi\Connection->connect(false)
#2 /Applications/XAMPP/xamppfiles/htdocs/belajarci/system/Database/BaseConnection.php(574): CodeIgniter\Database\BaseConnection->initialize()
#3 /Applications/XAMPP/xamppfiles/htdocs/belajarci/system/Database/BaseBuilder.php(1616): CodeIgniter\Database\BaseConnection->query('SELECT *\nFROM `...', Array, false)
#4 /Applications/XAMPP/xamppfiles/htdocs/belajarci/system/Model.php(268): CodeIgniter\Database\BaseBuilder->get()
#5 /Applications/XAMPP/xamppfiles/htdocs/belajarci/system/BaseModel.php(656): CodeIgniter\Model->doFirst()
#6 /Applications/XAMPP/xamppfiles/htdocs/belajarci/app/Controllers/Login.php(77): CodeIgniter\BaseModel->first()
#7 /Applications/XAMPP/xamppfiles/htdocs/belajarci/system/CodeIgniter.php(934): App\Controllers\Login->create()
#8 /Applications/XAMPP/xamppfiles/htdocs/belajarci/system/CodeIgniter.php(499): CodeIgniter\CodeIgniter->runController(Object(App\Controllers\Login))
#9 /Applications/XAMPP/xamppfiles/htdocs/belajarci/system/CodeIgniter.php(368): CodeIgniter\CodeIgniter->handleRequest(NULL, Object(Config\Cache), false)
#10 /Applications/XAMPP/xamppfiles/htdocs/belajarci/public/index.php(67): CodeIgniter\CodeIgniter->run()
#11 /Applications/XAMPP/xamppfiles/htdocs/belajarci/system/Commands/Server/rewrite.php(47): require_once('/Applications/X...')
#12 {main}

Next CodeIgniter\Database\Exceptions\DatabaseException: Connection refused in /Applications/XAMPP/xamppfiles/htdocs/belajarci/system/Database/MySQLi/Connection.php:218
Stack trace:
#0 /Applications/XAMPP/xamppfiles/htdocs/belajarci/system/Database/BaseConnection.php(391): CodeIgniter\Database\MySQLi\Connection->connect(false)
#1 /Applications/XAMPP/xamppfiles/htdocs/belajarci/system/Database/BaseConnection.php(574): CodeIgniter\Database\BaseConnection->initialize()
#2 /Applications/XAMPP/xamppfiles/htdocs/belajarci/system/Database/BaseBuilder.php(1616): CodeIgniter\Database\BaseConnection->query('SELECT *\nFROM `...', Array, false)
#3 /Applications/XAMPP/xamppfiles/htdocs/belajarci/system/Model.php(268): CodeIgniter\Database\BaseBuilder->get()
#4 /Applications/XAMPP/xamppfiles/htdocs/belajarci/system/BaseModel.php(656): CodeIgniter\Model->doFirst()
#5 /Applications/XAMPP/xamppfiles/htdocs/belajarci/app/Controllers/Login.php(77): CodeIgniter\BaseModel->first()
#6 /Applications/XAMPP/xamppfiles/htdocs/belajarci/system/CodeIgniter.php(934): App\Controllers\Login->create()
#7 /Applications/XAMPP/xamppfiles/htdocs/belajarci/system/CodeIgniter.php(499): CodeIgniter\CodeIgniter->runController(Object(App\Controllers\Login))
#8 /Applications/XAMPP/xamppfiles/htdocs/belajarci/system/CodeIgniter.php(368): CodeIgniter\CodeIgniter->handleRequest(NULL, Object(Config\Cache), false)
#9 /Applications/XAMPP/xamppfiles/htdocs/belajarci/public/index.php(67): CodeIgniter\CodeIgniter->run()
#10 /Applications/XAMPP/xamppfiles/htdocs/belajarci/system/Commands/Server/rewrite.php(47): require_once('/Applications/X...')
#11 {main}
CRITICAL - 2023-05-23 05:50:37 --> Unable to connect to the database.
Main connection [MySQLi]: Connection refused
in SYSTEMPATH/Database/BaseConnection.php on line 427.
 1 SYSTEMPATH/Database/BaseConnection.php(574): CodeIgniter\Database\BaseConnection->initialize()
 2 SYSTEMPATH/Database/BaseBuilder.php(1616): CodeIgniter\Database\BaseConnection->query('SELECT *
FROM `users`
WHERE `email` = :email:
 LIMIT 1', [...], false)
 3 SYSTEMPATH/Model.php(268): CodeIgniter\Database\BaseBuilder->get()
 4 SYSTEMPATH/BaseModel.php(656): CodeIgniter\Model->doFirst()
 5 APPPATH/Controllers/Login.php(77): CodeIgniter\BaseModel->first()
 6 SYSTEMPATH/CodeIgniter.php(934): App\Controllers\Login->create()
 7 SYSTEMPATH/CodeIgniter.php(499): CodeIgniter\CodeIgniter->runController(Object(App\Controllers\Login))
 8 SYSTEMPATH/CodeIgniter.php(368): CodeIgniter\CodeIgniter->handleRequest(null, Object(Config\Cache), false)
 9 FCPATH/index.php(67): CodeIgniter\CodeIgniter->run()
10 SYSTEMPATH/Commands/Server/rewrite.php(47): require_once('/Applications/XAMPP/xamppfiles/htdocs/belajarci/public/index.php')
ERROR - 2023-05-23 07:02:14 --> Error connecting to the database: mysqli_sql_exception: Connection refused in /Applications/XAMPP/xamppfiles/htdocs/belajarci/system/Database/MySQLi/Connection.php:174
Stack trace:
#0 /Applications/XAMPP/xamppfiles/htdocs/belajarci/system/Database/MySQLi/Connection.php(174): mysqli->real_connect('127.0.0.1', 'root', '', 'belajarci', 3306, '', 0)
#1 /Applications/XAMPP/xamppfiles/htdocs/belajarci/system/Database/BaseConnection.php(391): CodeIgniter\Database\MySQLi\Connection->connect(false)
#2 /Applications/XAMPP/xamppfiles/htdocs/belajarci/system/Database/BaseConnection.php(574): CodeIgniter\Database\BaseConnection->initialize()
#3 /Applications/XAMPP/xamppfiles/htdocs/belajarci/system/Database/BaseBuilder.php(1616): CodeIgniter\Database\BaseConnection->query('SELECT *\nFROM `...', Array, false)
#4 /Applications/XAMPP/xamppfiles/htdocs/belajarci/system/Model.php(268): CodeIgniter\Database\BaseBuilder->get()
#5 /Applications/XAMPP/xamppfiles/htdocs/belajarci/system/BaseModel.php(656): CodeIgniter\Model->doFirst()
#6 /Applications/XAMPP/xamppfiles/htdocs/belajarci/app/Controllers/Login.php(77): CodeIgniter\BaseModel->first()
#7 /Applications/XAMPP/xamppfiles/htdocs/belajarci/system/CodeIgniter.php(934): App\Controllers\Login->create()
#8 /Applications/XAMPP/xamppfiles/htdocs/belajarci/system/CodeIgniter.php(499): CodeIgniter\CodeIgniter->runController(Object(App\Controllers\Login))
#9 /Applications/XAMPP/xamppfiles/htdocs/belajarci/system/CodeIgniter.php(368): CodeIgniter\CodeIgniter->handleRequest(NULL, Object(Config\Cache), false)
#10 /Applications/XAMPP/xamppfiles/htdocs/belajarci/public/index.php(67): CodeIgniter\CodeIgniter->run()
#11 /Applications/XAMPP/xamppfiles/htdocs/belajarci/system/Commands/Server/rewrite.php(47): require_once('/Applications/X...')
#12 {main}

Next CodeIgniter\Database\Exceptions\DatabaseException: Connection refused in /Applications/XAMPP/xamppfiles/htdocs/belajarci/system/Database/MySQLi/Connection.php:218
Stack trace:
#0 /Applications/XAMPP/xamppfiles/htdocs/belajarci/system/Database/BaseConnection.php(391): CodeIgniter\Database\MySQLi\Connection->connect(false)
#1 /Applications/XAMPP/xamppfiles/htdocs/belajarci/system/Database/BaseConnection.php(574): CodeIgniter\Database\BaseConnection->initialize()
#2 /Applications/XAMPP/xamppfiles/htdocs/belajarci/system/Database/BaseBuilder.php(1616): CodeIgniter\Database\BaseConnection->query('SELECT *\nFROM `...', Array, false)
#3 /Applications/XAMPP/xamppfiles/htdocs/belajarci/system/Model.php(268): CodeIgniter\Database\BaseBuilder->get()
#4 /Applications/XAMPP/xamppfiles/htdocs/belajarci/system/BaseModel.php(656): CodeIgniter\Model->doFirst()
#5 /Applications/XAMPP/xamppfiles/htdocs/belajarci/app/Controllers/Login.php(77): CodeIgniter\BaseModel->first()
#6 /Applications/XAMPP/xamppfiles/htdocs/belajarci/system/CodeIgniter.php(934): App\Controllers\Login->create()
#7 /Applications/XAMPP/xamppfiles/htdocs/belajarci/system/CodeIgniter.php(499): CodeIgniter\CodeIgniter->runController(Object(App\Controllers\Login))
#8 /Applications/XAMPP/xamppfiles/htdocs/belajarci/system/CodeIgniter.php(368): CodeIgniter\CodeIgniter->handleRequest(NULL, Object(Config\Cache), false)
#9 /Applications/XAMPP/xamppfiles/htdocs/belajarci/public/index.php(67): CodeIgniter\CodeIgniter->run()
#10 /Applications/XAMPP/xamppfiles/htdocs/belajarci/system/Commands/Server/rewrite.php(47): require_once('/Applications/X...')
#11 {main}
CRITICAL - 2023-05-23 07:02:14 --> Unable to connect to the database.
Main connection [MySQLi]: Connection refused
in SYSTEMPATH/Database/BaseConnection.php on line 427.
 1 SYSTEMPATH/Database/BaseConnection.php(574): CodeIgniter\Database\BaseConnection->initialize()
 2 SYSTEMPATH/Database/BaseBuilder.php(1616): CodeIgniter\Database\BaseConnection->query('SELECT *
FROM `users`
WHERE `email` = :email:
 LIMIT 1', [...], false)
 3 SYSTEMPATH/Model.php(268): CodeIgniter\Database\BaseBuilder->get()
 4 SYSTEMPATH/BaseModel.php(656): CodeIgniter\Model->doFirst()
 5 APPPATH/Controllers/Login.php(77): CodeIgniter\BaseModel->first()
 6 SYSTEMPATH/CodeIgniter.php(934): App\Controllers\Login->create()
 7 SYSTEMPATH/CodeIgniter.php(499): CodeIgniter\CodeIgniter->runController(Object(App\Controllers\Login))
 8 SYSTEMPATH/CodeIgniter.php(368): CodeIgniter\CodeIgniter->handleRequest(null, Object(Config\Cache), false)
 9 FCPATH/index.php(67): CodeIgniter\CodeIgniter->run()
10 SYSTEMPATH/Commands/Server/rewrite.php(47): require_once('/Applications/XAMPP/xamppfiles/htdocs/belajarci/public/index.php')
